Running `bundle install --verbose` with bundler 2.7.1
Found no changes, using resolution from the lockfile
Using rake 13.3.0
0:  rake (13.3.0) from /home/dan/dev/sinatra/logos-lyrics/vendor/bundle/ruby/3.3.0/specifications/rake-13.3.0.gemspec
Using public_suffix 6.0.2
0:  public_suffix (6.0.2) from /home/dan/dev/sinatra/logos-lyrics/vendor/bundle/ruby/3.3.0/specifications/public_suffix-6.0.2.gemspec
Using addressable 2.8.7
0:  addressable (2.8.7) from /home/dan/dev/sinatra/logos-lyrics/vendor/bundle/ruby/3.3.0/specifications/addressable-2.8.7.gemspec
Using base64 0.3.0
0:  base64 (0.3.0) from /home/dan/dev/sinatra/logos-lyrics/vendor/bundle/ruby/3.3.0/specifications/base64-0.3.0.gemspec
Using bigdecimal 3.2.2
0:  bigdecimal (3.2.2) from /home/dan/dev/sinatra/logos-lyrics/vendor/bundle/ruby/3.3.0/specifications/bigdecimal-3.2.2.gemspec
Using bundler 2.7.1
0:  bundler (2.7.1) from /home/dan/.rvm/gems/ruby-3.3.4/specifications/bundler-2.7.1.gemspec
Bundler itself does not use binstubs because its version is selected by RubyGems
Using rexml 3.4.1
0:  rexml (3.4.1) from /home/dan/dev/sinatra/logos-lyrics/vendor/bundle/ruby/3.3.0/specifications/rexml-3.4.1.gemspec
Using crack 1.0.0
0:  crack (1.0.0) from /home/dan/dev/sinatra/logos-lyrics/vendor/bundle/ruby/3.3.0/specifications/crack-1.0.0.gemspec
Using diff-lcs 1.6.2
0:  diff-lcs (1.6.2) from /home/dan/dev/sinatra/logos-lyrics/vendor/bundle/ruby/3.3.0/specifications/diff-lcs-1.6.2.gemspec
Using domain_name 0.6.20240107
0:  domain_name (0.6.20240107) from /home/dan/dev/sinatra/logos-lyrics/vendor/bundle/ruby/3.3.0/specifications/domain_name-0.6.20240107.gemspec
Using ffi 1.17.2 (x86_64-linux-gnu)
0:  ffi (1.17.2) from /home/dan/dev/sinatra/logos-lyrics/vendor/bundle/ruby/3.3.0/specifications/ffi-1.17.2-x86_64-linux-gnu.gemspec
Using ffi-compiler 1.3.2
0:  ffi-compiler (1.3.2) from /home/dan/dev/sinatra/logos-lyrics/vendor/bundle/ruby/3.3.0/specifications/ffi-compiler-1.3.2.gemspec
Using hashdiff 1.2.0
0:  hashdiff (1.2.0) from /home/dan/dev/sinatra/logos-lyrics/vendor/bundle/ruby/3.3.0/specifications/hashdiff-1.2.0.gemspec
Using http-cookie 1.0.8
0:  http-cookie (1.0.8) from /home/dan/dev/sinatra/logos-lyrics/vendor/bundle/ruby/3.3.0/specifications/http-cookie-1.0.8.gemspec
Using http-form_data 2.3.0
0:  http-form_data (2.3.0) from /home/dan/dev/sinatra/logos-lyrics/vendor/bundle/ruby/3.3.0/specifications/http-form_data-2.3.0.gemspec
Using llhttp-ffi 0.5.1
0:  llhttp-ffi (0.5.1) from /home/dan/dev/sinatra/logos-lyrics/vendor/bundle/ruby/3.3.0/specifications/llhttp-ffi-0.5.1.gemspec
Using http 5.3.1
0:  http (5.3.1) from /home/dan/dev/sinatra/logos-lyrics/vendor/bundle/ruby/3.3.0/specifications/http-5.3.1.gemspec
Using json 2.13.2
0:  json (2.13.2) from /home/dan/dev/sinatra/logos-lyrics/vendor/bundle/ruby/3.3.0/specifications/json-2.13.2.gemspec
Using logger 1.7.0
0:  logger (1.7.0) from /home/dan/dev/sinatra/logos-lyrics/vendor/bundle/ruby/3.3.0/specifications/logger-1.7.0.gemspec
Using ruby2_keywords 0.0.5
0:  ruby2_keywords (0.0.5) from /home/dan/dev/sinatra/logos-lyrics/vendor/bundle/ruby/3.3.0/specifications/ruby2_keywords-0.0.5.gemspec
Using mustermann 3.0.4
0:  mustermann (3.0.4) from /home/dan/dev/sinatra/logos-lyrics/vendor/bundle/ruby/3.3.0/specifications/mustermann-3.0.4.gemspec
Using nio4r 2.7.4
0:  nio4r (2.7.4) from /home/dan/dev/sinatra/logos-lyrics/vendor/bundle/ruby/3.3.0/specifications/nio4r-2.7.4.gemspec
Using racc 1.8.1
0:  racc (1.8.1) from /home/dan/dev/sinatra/logos-lyrics/vendor/bundle/ruby/3.3.0/specifications/racc-1.8.1.gemspec
Using nokogiri 1.18.9 (x86_64-linux-gnu)
0:  nokogiri (1.18.9) from /home/dan/dev/sinatra/logos-lyrics/vendor/bundle/ruby/3.3.0/specifications/nokogiri-1.18.9-x86_64-linux-gnu.gemspec
Using puma 6.6.1
0:  puma (6.6.1) from /home/dan/dev/sinatra/logos-lyrics/vendor/bundle/ruby/3.3.0/specifications/puma-6.6.1.gemspec
Using rack 3.2.0
0:  rack (3.2.0) from /home/dan/dev/sinatra/logos-lyrics/vendor/bundle/ruby/3.3.0/specifications/rack-3.2.0.gemspec
Using rack-cors 3.0.0
0:  rack-cors (3.0.0) from /home/dan/dev/sinatra/logos-lyrics/vendor/bundle/ruby/3.3.0/specifications/rack-cors-3.0.0.gemspec
Using rack-protection 4.0.0
0:  rack-protection (4.0.0) from /home/dan/dev/sinatra/logos-lyrics/vendor/bundle/ruby/3.3.0/specifications/rack-protection-4.0.0.gemspec
Using rack-session 2.1.1
0:  rack-session (2.1.1) from /home/dan/dev/sinatra/logos-lyrics/vendor/bundle/ruby/3.3.0/specifications/rack-session-2.1.1.gemspec
Using rackup 2.2.1
0:  rackup (2.2.1) from /home/dan/dev/sinatra/logos-lyrics/vendor/bundle/ruby/3.3.0/specifications/rackup-2.2.1.gemspec
Using rspec-support 3.13.4
0:  rspec-support (3.13.4) from /home/dan/dev/sinatra/logos-lyrics/vendor/bundle/ruby/3.3.0/specifications/rspec-support-3.13.4.gemspec
Using rspec-core 3.13.5
0:  rspec-core (3.13.5) from /home/dan/dev/sinatra/logos-lyrics/vendor/bundle/ruby/3.3.0/specifications/rspec-core-3.13.5.gemspec
Using rspec-expectations 3.13.5
0:  rspec-expectations (3.13.5) from /home/dan/dev/sinatra/logos-lyrics/vendor/bundle/ruby/3.3.0/specifications/rspec-expectations-3.13.5.gemspec
Using rspec-mocks 3.13.5
0:  rspec-mocks (3.13.5) from /home/dan/dev/sinatra/logos-lyrics/vendor/bundle/ruby/3.3.0/specifications/rspec-mocks-3.13.5.gemspec
Using rspec 3.13.1
0:  rspec (3.13.1) from /home/dan/dev/sinatra/logos-lyrics/vendor/bundle/ruby/3.3.0/specifications/rspec-3.13.1.gemspec
Using tilt 2.6.1
0:  tilt (2.6.1) from /home/dan/dev/sinatra/logos-lyrics/vendor/bundle/ruby/3.3.0/specifications/tilt-2.6.1.gemspec
Using sinatra 4.0.0
0:  sinatra (4.0.0) from /home/dan/dev/sinatra/logos-lyrics/vendor/bundle/ruby/3.3.0/specifications/sinatra-4.0.0.gemspec
Using uri 1.0.3
0:  uri (1.0.3) from /home/dan/dev/sinatra/logos-lyrics/vendor/bundle/ruby/3.3.0/specifications/uri-1.0.3.gemspec
Using webmock 3.25.1
0:  webmock (3.25.1) from /home/dan/dev/sinatra/logos-lyrics/vendor/bundle/ruby/3.3.0/specifications/webmock-3.25.1.gemspec
Bundle complete! 11 Gemfile dependencies, 39 gems now installed.
Bundled gems are installed into `./vendor/bundle`
1 installed gem you directly depend on is looking for funding.
  Run `bundle fund` for details
